<?xml version="1.0" encoding="UTF-8"?>
<testng-results ignored="0" total="4" passed="4" failed="0" skipped="0">
  <reporter-output>
  </reporter-output>
  <suite started-at="2023-01-05T18:21:08 CST" name="Default suite" finished-at="2023-01-05T18:21:13 CST" duration-ms="5781">
    <groups>
    </groups>
    <test started-at="2023-01-05T18:21:08 CST" name="Default test" finished-at="2023-01-05T18:21:13 CST" duration-ms="5781">
      <class name="testcase.API_Test">
        <test-method signature="ListUsers()[pri:0, instance:testcase.API_Test@36fc695d]" started-at="2023-01-05T18:21:08 CST" name="ListUsers" finished-at="2023-01-05T18:21:10 CST" duration-ms="2602" status="PASS">
          <reporter-output>
          </reporter-output>
        </test-method> <!-- ListUsers -->
        <test-method signature="deleteUser()[pri:0, instance:testcase.API_Test@36fc695d]" started-at="2023-01-05T18:21:10 CST" name="deleteUser" finished-at="2023-01-05T18:21:11 CST" duration-ms="1037" status="PASS">
          <reporter-output>
          </reporter-output>
        </test-method> <!-- deleteUser -->
        <test-method signature="goRestCreateUser()[pri:0, instance:testcase.API_Test@36fc695d]" started-at="2023-01-05T18:21:11 CST" name="goRestCreateUser" finished-at="2023-01-05T18:21:12 CST" duration-ms="1043" status="PASS">
          <reporter-output>
          </reporter-output>
        </test-method> <!-- goRestCreateUser -->
        <test-method signature="updateUser()[pri:0, instance:testcase.API_Test@36fc695d]" started-at="2023-01-05T18:21:12 CST" name="updateUser" finished-at="2023-01-05T18:21:13 CST" duration-ms="1048" status="PASS">
          <reporter-output>
          </reporter-output>
        </test-method> <!-- updateUser -->
      </class> <!-- testcase.API_Test -->
    </test> <!-- Default test -->
  </suite> <!-- Default suite -->
</testng-results>
