<?xml version="1.0" encoding="UTF-8"?>
<!-- Generated by org.testng.reporters.JUnitXMLReporter -->
<testsuite ignored="0" hostname="PRAVIN-DESKTOP" failures="0" tests="12" name="Default test" time="60.765" errors="0" timestamp="2022-12-19T19:43:52 CST">
  <testcase classname="testcase.TestOne" name="GetTitle" time="2.943"/>
  <testcase classname="testcase.TestOne" name="GetTitle" time="2.26"/>
  <testcase classname="testcase.TestOne" name="GetTitle" time="2.268"/>
  <testcase classname="testcase.TestOne" name="GetTitle" time="7.24"/>
  <testcase classname="testcase.TestOne" name="countItems" time="2.316"/>
  <testcase classname="testcase.TestOne" name="countItems" time="2.235"/>
  <testcase classname="testcase.TestOne" name="countItems" time="2.317"/>
  <testcase classname="testcase.TestOne" name="countItems" time="7.319"/>
  <testcase classname="testcase.TestOne" name="logIn" time="2.229"/>
  <testcase classname="testcase.TestOne" name="logIn" time="2.232"/>
  <testcase classname="testcase.TestOne" name="logIn" time="2.22"/>
  <testcase classname="testcase.TestOne" name="logIn" time="7.228"/>
</testsuite> <!-- Default test -->
