<?xml version="1.0" encoding="UTF-8"?>
<!-- Generated by org.testng.reporters.JUnitXMLReporter -->
<testsuite ignored="0" hostname="PRAVIN-DESKTOP" failures="0" tests="4" name="Default test" time="5.781" errors="0" timestamp="2023-01-05T18:21:13 CST">
  <testcase classname="testcase.API_Test" name="ListUsers" time="2.602"/>
  <testcase classname="testcase.API_Test" name="deleteUser" time="1.037"/>
  <testcase classname="testcase.API_Test" name="goRestCreateUser" time="1.043"/>
  <testcase classname="testcase.API_Test" name="updateUser" time="1.048"/>
</testsuite> <!-- Default test -->
