<?xml version="1.0" encoding="UTF-8"?>
<!-- Generated by org.testng.reporters.JUnitXMLReporter -->
<testsuite ignored="0" hostname="PRAVIN-DESKTOP" failures="0" tests="3" name="parameter" time="25.239" errors="0" timestamp="2022-12-20T00:12:45 CST">
  <testcase classname="testcase.TestcaseParameter" name="GetTitle" time="2.651"/>
  <testcase classname="testcase.TestcaseParameter" name="countItems" time="2.416"/>
  <testcase classname="testcase.TestcaseParameter" name="logIn" time="2.223"/>
</testsuite> <!-- parameter -->
