<?xml version="1.0" encoding="UTF-8"?>
<!-- Generated by org.testng.reporters.JUnitXMLReporter -->
<testsuite ignored="0" hostname="PRAVIN-DESKTOP" failures="0" tests="3" name="parameter" time="26.285" errors="0" timestamp="2022-12-21T17:46:50 CST">
  <testcase classname="testcase.TestcaseParameter" name="GetTitle" time="2.889"/>
  <testcase classname="testcase.TestcaseParameter" name="countItems" time="2.417"/>
  <testcase classname="testcase.TestcaseParameter" name="logIn" time="2.233"/>
</testsuite> <!-- parameter -->
